<?xml version="1.0" encoding="UTF-8"?>
<testsuite name="tickets.TestFindAndHoldSeats" tests="3" skipped="0" failures="0" errors="0" timestamp="2016-08-25T03:50:05" hostname="koloski" time="0.024">
  <properties/>
  <testcase name="testSeatsInOneRow" classname="tickets.TestFindAndHoldSeats" time="0.022"/>
  <testcase name="testSeatsInTwoLevels" classname="tickets.TestFindAndHoldSeats" time="0.001"/>
  <testcase name="testSeatsInTwoRows" classname="tickets.TestFindAndHoldSeats" time="0.001"/>
  <system-out><![CDATA[Customer: jeremy.kol@comcast.net
Level(s): 1
Row(s): 1A, 1B
Seat(s): 1A1, 1A2, 1A3, 1A4, 1A5, 1A6, 1B1, 1B2, 1B3, 1B4
Customer: jordan@yahoo.com
Level(s): 1
Row(s): 1A, 1B, 1C, 1D
Seat(s): 1A1, 1A2, 1A3, 1A4, 1A5, 1A6, 1B1, 1B2, 1B3, 1B4, 1B5, 1B6, 1C1, 1C2, 1C3, 1C4, 1C5, 1C6, 1D1, 1D2, 1D3
]]></system-out>
  <system-err><![CDATA[]]></system-err>
</testsuite>
