<?xml version="1.0" encoding="UTF-8"?>
<testsuite name="tickets.TestRemainingSeats" tests="2" skipped="0" failures="0" errors="0" timestamp="2016-08-25T03:50:05" hostname="koloski" time="0.004">
  <properties/>
  <testcase name="testNoAvailableSeats" classname="tickets.TestRemainingSeats" time="0.004"/>
  <testcase name="testAddingAndRemoving" classname="tickets.TestRemainingSeats" time="0.0"/>
  <system-out><![CDATA[]]></system-out>
  <system-err><![CDATA[]]></system-err>
</testsuite>
